Vivado Simulator 2017.2
Copyright 1986-1999, 2001-2016 Xilinx, Inc. All Rights Reserved.
Running: D:/Vivado/2017.2/bin/unwrapped/win64.o/xelab.exe -wto 976f38af888f47d8b3b830b9c39d1c56 --debug typical --relax --mt 2 --maxdelay -L xil_defaultlib -L simprims_ver -L secureip --snapshot counter_tb_time_synth -transport_int_delays -pulse_r 0 -pulse_int_r 0 -pulse_e 0 -pulse_int_e 0 xil_defaultlib.counter_tb xil_defaultlib.glbl -log elaborate.log 
Using 2 slave threads.
Starting static elaboration
Completed static elaboration
Starting simulation data flow analysis
Completed simulation data flow analysis
INFO: [XSIM 43-3451] SDF backannotation process started with SDF file "counter_tb_time_synth.sdf", for root module "counter_tb/uut".
INFO: [XSIM 43-3452] SDF backannotation was successful for SDF file "counter_tb_time_synth.sdf", for root module "counter_tb/uut".
Time Resolution for simulation is 1ps
Compiling package std.standard
Compiling package std.textio
Compiling package ieee.std_logic_1164
Compiling package vl.vl_types
Compiling module xil_defaultlib.glbl
Compiling module simprims_ver.BUFG
Compiling module simprims_ver.IBUF
Compiling module simprims_ver.x_lut2_mux4
Compiling module simprims_ver.LUT2
Compiling module simprims_ver.x_lut1_mux2
Compiling module simprims_ver.LUT1
Compiling module simprims_ver.FDRE_default
Compiling module simprims_ver.CARRY4
Compiling module simprims_ver.OBUF
Compiling module xil_defaultlib.counter
Compiling architecture behavior of entity xil_defaultlib.counter_tb
Built simulation snapshot counter_tb_time_synth
