Unable to capture context for thread 9620 in process 11660, can not generate back trace
Unable to capture context for thread 1304 in process 11660, can not generate back trace
Unable to capture context for thread 11292 in process 11660, can not generate back trace
Exception at PC 0x00007FFA4B52BB93
Printing stacktrace...

[0]  [0x00007FFA4B52BB93]
[1]  [0x00007FFA4B52BB93]
[2]  [0x00007FFA4B52B4A1]
[3]  [0x00007FFA4B52B3EF]
[4]  [0x00007FFA4B5119FE]
[5]  [0x00007FFA4B510ED1]
[6]  [0x00007FFA4B510D76]
[7]  [0x00007FFA4B4B79F6]
[8]  [0x00007FFA4B4A7AFB]
[9]  [0x00007FFA4B5CE90A]
[10]  [0x00007FFA4B5E9F87]
[11]  [0x00007FFA4B5EA05F]
[12] (BaseThreadInitThunk+0x14) [0x00007FFACCF03DC4]
[13] (RtlUserThreadStart+0x21) [0x00007FFACDFF3691]
Done
Exception at PC 0x00007FFA4B231A52
Attemped to write at address 0x00007FFAA787ABA4
Printing stacktrace...

[0]  [0x00007FFA4B231A52]
[1]  [0x00007FFA4B231A52]
[2]  [0x00007FFA4B231AD4]
[3]  [0x00007FFA4B373FF7]
[4]  [0x00007FFA4B259128]
[5]  [0x00007FFA4B50DFB9]
[6]  [0x00007FFA4B6DEF23]
[7]  [0x00007FFA4B5EB06B]
[8]  [0x00007FFA4B5E08AF]
[9]  [0x00007FFA4B5E0A32]
[10] (RtlActivateActivationContextUnsafeFast+0x123) [0x00007FFACDFBB583]
[11] (LdrShutdownProcess+0x125) [0x00007FFACDFC7F85]
[12] (RtlExitUserProcess+0xd8) [0x00007FFACDFC7E48]
[13] (FatalExit+0xa) [0x00007FFACCF0C80A]
[14] (exit+0x75) [0x00007FFACD069CE5]
[15] (initterm_e+0x235) [0x00007FFACD06A345]
[16]  [0x00000000004014CD]
[17]  [0x000000000040151B]
[18] (BaseThreadInitThunk+0x14) [0x00007FFACCF03DC4]
[19] (RtlUserThreadStart+0x21) [0x00007FFACDFF3691]
Done
